CRITICAL - 2023-08-02 04:57:16 --> Call to undefined method CodeIgniter\View\View::extends()
in APPPATH\Views\index.php on line 1.
 1 SYSTEMPATH\View\View.php(224): include()
 2 SYSTEMPATH\View\View.php(227): CodeIgniter\View\View->CodeIgniter\View\{closure}()
 3 SYSTEMPATH\Common.php(1180): CodeIgniter\View\View->render('index', [], true)
 4 APPPATH\Controllers\CtrlUsuariosRegistrados.php(9): view('index')
 5 SYSTEMPATH\CodeIgniter.php(932): App\Controllers\CtrlUsuariosRegistrados->index()
 6 SYSTEMPATH\CodeIgniter.php(497): CodeIgniter\CodeIgniter->runController(Object(App\Controllers\CtrlUsuariosRegistrados))
 7 SYSTEMPATH\CodeIgniter.php(366): CodeIgniter\CodeIgniter->handleRequest(null, Object(Config\Cache), false)
 8 FCPATH\index.php(67): CodeIgniter\CodeIgniter->run()
CRITICAL - 2023-08-02 04:57:48 --> Call to undefined method CodeIgniter\View\View::extends()
in APPPATH\Views\index.php on line 1.
 1 SYSTEMPATH\View\View.php(224): include()
 2 SYSTEMPATH\View\View.php(227): CodeIgniter\View\View->CodeIgniter\View\{closure}()
 3 SYSTEMPATH\Common.php(1180): CodeIgniter\View\View->render('index', [], true)
 4 APPPATH\Controllers\CtrlUsuariosRegistrados.php(9): view('index')
 5 SYSTEMPATH\CodeIgniter.php(932): App\Controllers\CtrlUsuariosRegistrados->index()
 6 SYSTEMPATH\CodeIgniter.php(497): CodeIgniter\CodeIgniter->runController(Object(App\Controllers\CtrlUsuariosRegistrados))
 7 SYSTEMPATH\CodeIgniter.php(366): CodeIgniter\CodeIgniter->handleRequest(null, Object(Config\Cache), false)
 8 FCPATH\index.php(67): CodeIgniter\CodeIgniter->run()
CRITICAL - 2023-08-02 04:58:20 --> Call to undefined method CodeIgniter\View\View::extends()
in APPPATH\Views\index.php on line 1.
 1 SYSTEMPATH\View\View.php(224): include()
 2 SYSTEMPATH\View\View.php(227): CodeIgniter\View\View->CodeIgniter\View\{closure}()
 3 SYSTEMPATH\Common.php(1180): CodeIgniter\View\View->render('index', [], true)
 4 APPPATH\Controllers\CtrlUsuariosRegistrados.php(9): view('index')
 5 SYSTEMPATH\CodeIgniter.php(932): App\Controllers\CtrlUsuariosRegistrados->index()
 6 SYSTEMPATH\CodeIgniter.php(497): CodeIgniter\CodeIgniter->runController(Object(App\Controllers\CtrlUsuariosRegistrados))
 7 SYSTEMPATH\CodeIgniter.php(366): CodeIgniter\CodeIgniter->handleRequest(null, Object(Config\Cache), false)
 8 FCPATH\index.php(67): CodeIgniter\CodeIgniter->run()
CRITICAL - 2023-08-02 04:58:52 --> Call to undefined method CodeIgniter\View\View::extends()
in APPPATH\Views\index.php on line 1.
 1 SYSTEMPATH\View\View.php(224): include()
 2 SYSTEMPATH\View\View.php(227): CodeIgniter\View\View->CodeIgniter\View\{closure}()
 3 SYSTEMPATH\Common.php(1180): CodeIgniter\View\View->render('index', [], true)
 4 APPPATH\Controllers\CtrlUsuariosRegistrados.php(9): view('index')
 5 SYSTEMPATH\CodeIgniter.php(932): App\Controllers\CtrlUsuariosRegistrados->index()
 6 SYSTEMPATH\CodeIgniter.php(497): CodeIgniter\CodeIgniter->runController(Object(App\Controllers\CtrlUsuariosRegistrados))
 7 SYSTEMPATH\CodeIgniter.php(366): CodeIgniter\CodeIgniter->handleRequest(null, Object(Config\Cache), false)
 8 FCPATH\index.php(67): CodeIgniter\CodeIgniter->run()
CRITICAL - 2023-08-02 05:11:46 --> Invalid file: "header.php"
in SYSTEMPATH\Exceptions\FrameworkException.php on line 33.
 1 SYSTEMPATH\View\View.php(212): CodeIgniter\Exceptions\FrameworkException::forInvalidFile('header.php')
 2 SYSTEMPATH\View\View.php(452): CodeIgniter\View\View->render('header', null, true)
 3 APPPATH\Views\templates\layout.php(20): CodeIgniter\View\View->include('header')
 4 SYSTEMPATH\View\View.php(224): include('C:\\wamp64\\www\\codeigniter\\app\\Views\\templates\\layout.php')
 5 SYSTEMPATH\View\View.php(227): CodeIgniter\View\View->CodeIgniter\View\{closure}()
 6 SYSTEMPATH\View\View.php(240): CodeIgniter\View\View->render('./templates/layout', [], true)
 7 SYSTEMPATH\Common.php(1180): CodeIgniter\View\View->render('index', [], true)
 8 APPPATH\Controllers\CtrlUsuariosRegistrados.php(9): view('index')
 9 SYSTEMPATH\CodeIgniter.php(932): App\Controllers\CtrlUsuariosRegistrados->index()
10 SYSTEMPATH\CodeIgniter.php(497): CodeIgniter\CodeIgniter->runController(Object(App\Controllers\CtrlUsuariosRegistrados))
11 SYSTEMPATH\CodeIgniter.php(366): CodeIgniter\CodeIgniter->handleRequest(null, Object(Config\Cache), false)
12 FCPATH\index.php(67): CodeIgniter\CodeIgniter->run()
CRITICAL - 2023-08-02 05:12:33 --> Invalid file: "./header.php"
in SYSTEMPATH\Exceptions\FrameworkException.php on line 33.
 1 SYSTEMPATH\View\View.php(212): CodeIgniter\Exceptions\FrameworkException::forInvalidFile('./header.php')
 2 SYSTEMPATH\View\View.php(452): CodeIgniter\View\View->render('./header', null, true)
 3 APPPATH\Views\templates\layout.php(20): CodeIgniter\View\View->include('./header')
 4 SYSTEMPATH\View\View.php(224): include('C:\\wamp64\\www\\codeigniter\\app\\Views\\templates\\layout.php')
 5 SYSTEMPATH\View\View.php(227): CodeIgniter\View\View->CodeIgniter\View\{closure}()
 6 SYSTEMPATH\View\View.php(240): CodeIgniter\View\View->render('./templates/layout', [], true)
 7 SYSTEMPATH\Common.php(1180): CodeIgniter\View\View->render('index', [], true)
 8 APPPATH\Controllers\CtrlUsuariosRegistrados.php(9): view('index')
 9 SYSTEMPATH\CodeIgniter.php(932): App\Controllers\CtrlUsuariosRegistrados->index()
10 SYSTEMPATH\CodeIgniter.php(497): CodeIgniter\CodeIgniter->runController(Object(App\Controllers\CtrlUsuariosRegistrados))
11 SYSTEMPATH\CodeIgniter.php(366): CodeIgniter\CodeIgniter->handleRequest(null, Object(Config\Cache), false)
12 FCPATH\index.php(67): CodeIgniter\CodeIgniter->run()
CRITICAL - 2023-08-02 05:13:02 --> Invalid file: "barra.php"
in SYSTEMPATH\Exceptions\FrameworkException.php on line 33.
 1 SYSTEMPATH\View\View.php(212): CodeIgniter\Exceptions\FrameworkException::forInvalidFile('barra.php')
 2 SYSTEMPATH\View\View.php(452): CodeIgniter\View\View->render('barra', null, true)
 3 APPPATH\Views\templates\layout.php(20): CodeIgniter\View\View->include('barra')
 4 SYSTEMPATH\View\View.php(224): include('C:\\wamp64\\www\\codeigniter\\app\\Views\\templates\\layout.php')
 5 SYSTEMPATH\View\View.php(227): CodeIgniter\View\View->CodeIgniter\View\{closure}()
 6 SYSTEMPATH\View\View.php(240): CodeIgniter\View\View->render('./templates/layout', [], true)
 7 SYSTEMPATH\Common.php(1180): CodeIgniter\View\View->render('index', [], true)
 8 APPPATH\Controllers\CtrlUsuariosRegistrados.php(9): view('index')
 9 SYSTEMPATH\CodeIgniter.php(932): App\Controllers\CtrlUsuariosRegistrados->index()
10 SYSTEMPATH\CodeIgniter.php(497): CodeIgniter\CodeIgniter->runController(Object(App\Controllers\CtrlUsuariosRegistrados))
11 SYSTEMPATH\CodeIgniter.php(366): CodeIgniter\CodeIgniter->handleRequest(null, Object(Config\Cache), false)
12 FCPATH\index.php(67): CodeIgniter\CodeIgniter->run()
CRITICAL - 2023-08-02 05:16:50 --> Invalid file: "barra.php"
in SYSTEMPATH\Exceptions\FrameworkException.php on line 33.
 1 SYSTEMPATH\View\View.php(212): CodeIgniter\Exceptions\FrameworkException::forInvalidFile('barra.php')
 2 SYSTEMPATH\View\View.php(452): CodeIgniter\View\View->render('barra', null, true)
 3 APPPATH\Views\templates\layout.php(20): CodeIgniter\View\View->include('barra')
 4 SYSTEMPATH\View\View.php(224): include('C:\\wamp64\\www\\codeigniter\\app\\Views\\templates\\layout.php')
 5 SYSTEMPATH\View\View.php(227): CodeIgniter\View\View->CodeIgniter\View\{closure}()
 6 SYSTEMPATH\View\View.php(240): CodeIgniter\View\View->render('./templates/layout', [], true)
 7 SYSTEMPATH\Common.php(1180): CodeIgniter\View\View->render('index', [], true)
 8 APPPATH\Controllers\CtrlUsuariosRegistrados.php(9): view('index')
 9 SYSTEMPATH\CodeIgniter.php(932): App\Controllers\CtrlUsuariosRegistrados->index()
10 SYSTEMPATH\CodeIgniter.php(497): CodeIgniter\CodeIgniter->runController(Object(App\Controllers\CtrlUsuariosRegistrados))
11 SYSTEMPATH\CodeIgniter.php(366): CodeIgniter\CodeIgniter->handleRequest(null, Object(Config\Cache), false)
12 FCPATH\index.php(67): CodeIgniter\CodeIgniter->run()
