CRITICAL - 2023-07-27 07:30:24 --> Invalid file: "contacto/header.php"
in SYSTEMPATH\Exceptions\FrameworkException.php on line 33.
 1 SYSTEMPATH\View\View.php(212): CodeIgniter\Exceptions\FrameworkException::forInvalidFile('contacto/header.php')
 2 SYSTEMPATH\Common.php(1180): CodeIgniter\View\View->render('contacto/header', [], true)
 3 APPPATH\Controllers\CtrlContacto.php(9): view('contacto/header')
 4 SYSTEMPATH\CodeIgniter.php(932): App\Controllers\CtrlContacto->index()
 5 SYSTEMPATH\CodeIgniter.php(497): CodeIgniter\CodeIgniter->runController(Object(App\Controllers\CtrlContacto))
 6 SYSTEMPATH\CodeIgniter.php(366): CodeIgniter\CodeIgniter->handleRequest(null, Object(Config\Cache), false)
 7 FCPATH\index.php(67): CodeIgniter\CodeIgniter->run()
CRITICAL - 2023-07-27 07:51:37 --> Undefined variable $data
in APPPATH\Views\contacto\catalogo.php on line 11.
 1 APPPATH\Views\contacto\catalogo.php(11): CodeIgniter\Debug\Exceptions->errorHandler(2, 'Undefined variable $data', 'C:\\wamp64\\www\\codeigniter\\app\\Views\\contacto\\catalogo.php', 11)
 2 SYSTEMPATH\View\View.php(224): include('C:\\wamp64\\www\\codeigniter\\app\\Views\\contacto\\catalogo.php')
 3 SYSTEMPATH\View\View.php(227): CodeIgniter\View\View->CodeIgniter\View\{closure}()
 4 SYSTEMPATH\Common.php(1180): CodeIgniter\View\View->render('contacto/catalogo', [], true)
 5 APPPATH\Controllers\CtrlContacto.php(20): view('contacto/catalogo', [...])
 6 SYSTEMPATH\CodeIgniter.php(932): App\Controllers\CtrlContacto->catalogo()
 7 SYSTEMPATH\CodeIgniter.php(497): CodeIgniter\CodeIgniter->runController(Object(App\Controllers\CtrlContacto))
 8 SYSTEMPATH\CodeIgniter.php(366): CodeIgniter\CodeIgniter->handleRequest(null, Object(Config\Cache), false)
 9 FCPATH\index.php(67): CodeIgniter\CodeIgniter->run()
CRITICAL - 2023-07-27 07:53:39 --> Array to string conversion
in APPPATH\Views\contacto\catalogo.php on line 11.
 1 APPPATH\Views\contacto\catalogo.php(11): CodeIgniter\Debug\Exceptions->errorHandler(2, 'Array to string conversion', 'C:\\wamp64\\www\\codeigniter\\app\\Views\\contacto\\catalogo.php', 11)
 2 SYSTEMPATH\View\View.php(224): include('C:\\wamp64\\www\\codeigniter\\app\\Views\\contacto\\catalogo.php')
 3 SYSTEMPATH\View\View.php(227): CodeIgniter\View\View->CodeIgniter\View\{closure}()
 4 SYSTEMPATH\Common.php(1180): CodeIgniter\View\View->render('contacto/catalogo', [], true)
 5 APPPATH\Controllers\CtrlContacto.php(20): view('contacto/catalogo', [...])
 6 SYSTEMPATH\CodeIgniter.php(932): App\Controllers\CtrlContacto->catalogo()
 7 SYSTEMPATH\CodeIgniter.php(497): CodeIgniter\CodeIgniter->runController(Object(App\Controllers\CtrlContacto))
 8 SYSTEMPATH\CodeIgniter.php(366): CodeIgniter\CodeIgniter->handleRequest(null, Object(Config\Cache), false)
 9 FCPATH\index.php(67): CodeIgniter\CodeIgniter->run()
CRITICAL - 2023-07-27 07:53:39 --> Array to string conversion
in APPPATH\Views\contacto\catalogo.php on line 11.
 1 APPPATH\Views\contacto\catalogo.php(11): CodeIgniter\Debug\Exceptions->errorHandler(2, 'Array to string conversion', 'C:\\wamp64\\www\\codeigniter\\app\\Views\\contacto\\catalogo.php', 11)
 2 SYSTEMPATH\View\View.php(224): include('C:\\wamp64\\www\\codeigniter\\app\\Views\\contacto\\catalogo.php')
 3 SYSTEMPATH\View\View.php(227): CodeIgniter\View\View->CodeIgniter\View\{closure}()
 4 SYSTEMPATH\Common.php(1180): CodeIgniter\View\View->render('contacto/catalogo', [], true)
 5 APPPATH\Controllers\CtrlContacto.php(20): view('contacto/catalogo', [...])
 6 SYSTEMPATH\CodeIgniter.php(932): App\Controllers\CtrlContacto->catalogo()
 7 SYSTEMPATH\CodeIgniter.php(497): CodeIgniter\CodeIgniter->runController(Object(App\Controllers\CtrlContacto))
 8 SYSTEMPATH\CodeIgniter.php(366): CodeIgniter\CodeIgniter->handleRequest(null, Object(Config\Cache), false)
 9 FCPATH\index.php(67): CodeIgniter\CodeIgniter->run()
CRITICAL - 2023-07-27 07:53:40 --> Array to string conversion
in APPPATH\Views\contacto\catalogo.php on line 11.
 1 APPPATH\Views\contacto\catalogo.php(11): CodeIgniter\Debug\Exceptions->errorHandler(2, 'Array to string conversion', 'C:\\wamp64\\www\\codeigniter\\app\\Views\\contacto\\catalogo.php', 11)
 2 SYSTEMPATH\View\View.php(224): include('C:\\wamp64\\www\\codeigniter\\app\\Views\\contacto\\catalogo.php')
 3 SYSTEMPATH\View\View.php(227): CodeIgniter\View\View->CodeIgniter\View\{closure}()
 4 SYSTEMPATH\Common.php(1180): CodeIgniter\View\View->render('contacto/catalogo', [], true)
 5 APPPATH\Controllers\CtrlContacto.php(20): view('contacto/catalogo', [...])
 6 SYSTEMPATH\CodeIgniter.php(932): App\Controllers\CtrlContacto->catalogo()
 7 SYSTEMPATH\CodeIgniter.php(497): CodeIgniter\CodeIgniter->runController(Object(App\Controllers\CtrlContacto))
 8 SYSTEMPATH\CodeIgniter.php(366): CodeIgniter\CodeIgniter->handleRequest(null, Object(Config\Cache), false)
 9 FCPATH\index.php(67): CodeIgniter\CodeIgniter->run()
CRITICAL - 2023-07-27 07:53:40 --> Array to string conversion
in APPPATH\Views\contacto\catalogo.php on line 11.
 1 APPPATH\Views\contacto\catalogo.php(11): CodeIgniter\Debug\Exceptions->errorHandler(2, 'Array to string conversion', 'C:\\wamp64\\www\\codeigniter\\app\\Views\\contacto\\catalogo.php', 11)
 2 SYSTEMPATH\View\View.php(224): include('C:\\wamp64\\www\\codeigniter\\app\\Views\\contacto\\catalogo.php')
 3 SYSTEMPATH\View\View.php(227): CodeIgniter\View\View->CodeIgniter\View\{closure}()
 4 SYSTEMPATH\Common.php(1180): CodeIgniter\View\View->render('contacto/catalogo', [], true)
 5 APPPATH\Controllers\CtrlContacto.php(20): view('contacto/catalogo', [...])
 6 SYSTEMPATH\CodeIgniter.php(932): App\Controllers\CtrlContacto->catalogo()
 7 SYSTEMPATH\CodeIgniter.php(497): CodeIgniter\CodeIgniter->runController(Object(App\Controllers\CtrlContacto))
 8 SYSTEMPATH\CodeIgniter.php(366): CodeIgniter\CodeIgniter->handleRequest(null, Object(Config\Cache), false)
 9 FCPATH\index.php(67): CodeIgniter\CodeIgniter->run()
CRITICAL - 2023-07-27 07:55:01 --> Undefined variable $productos
in APPPATH\Views\contacto\catalogo.php on line 9.
 1 APPPATH\Views\contacto\catalogo.php(9): CodeIgniter\Debug\Exceptions->errorHandler(2, 'Undefined variable $productos', 'C:\\wamp64\\www\\codeigniter\\app\\Views\\contacto\\catalogo.php', 9)
 2 SYSTEMPATH\View\View.php(224): include('C:\\wamp64\\www\\codeigniter\\app\\Views\\contacto\\catalogo.php')
 3 SYSTEMPATH\View\View.php(227): CodeIgniter\View\View->CodeIgniter\View\{closure}()
 4 SYSTEMPATH\Common.php(1180): CodeIgniter\View\View->render('contacto/catalogo', [], true)
 5 APPPATH\Controllers\CtrlContacto.php(21): view('contacto/catalogo')
 6 SYSTEMPATH\CodeIgniter.php(932): App\Controllers\CtrlContacto->catalogo()
 7 SYSTEMPATH\CodeIgniter.php(497): CodeIgniter\CodeIgniter->runController(Object(App\Controllers\CtrlContacto))
 8 SYSTEMPATH\CodeIgniter.php(366): CodeIgniter\CodeIgniter->handleRequest(null, Object(Config\Cache), false)
 9 FCPATH\index.php(67): CodeIgniter\CodeIgniter->run()
CRITICAL - 2023-07-27 07:55:11 --> Array to string conversion
in APPPATH\Views\contacto\catalogo.php on line 9.
 1 APPPATH\Views\contacto\catalogo.php(9): CodeIgniter\Debug\Exceptions->errorHandler(2, 'Array to string conversion', 'C:\\wamp64\\www\\codeigniter\\app\\Views\\contacto\\catalogo.php', 9)
 2 SYSTEMPATH\View\View.php(224): include('C:\\wamp64\\www\\codeigniter\\app\\Views\\contacto\\catalogo.php')
 3 SYSTEMPATH\View\View.php(227): CodeIgniter\View\View->CodeIgniter\View\{closure}()
 4 SYSTEMPATH\Common.php(1180): CodeIgniter\View\View->render('contacto/catalogo', [], true)
 5 APPPATH\Controllers\CtrlContacto.php(21): view('contacto/catalogo', [...])
 6 SYSTEMPATH\CodeIgniter.php(932): App\Controllers\CtrlContacto->catalogo()
 7 SYSTEMPATH\CodeIgniter.php(497): CodeIgniter\CodeIgniter->runController(Object(App\Controllers\CtrlContacto))
 8 SYSTEMPATH\CodeIgniter.php(366): CodeIgniter\CodeIgniter->handleRequest(null, Object(Config\Cache), false)
 9 FCPATH\index.php(67): CodeIgniter\CodeIgniter->run()
CRITICAL - 2023-07-27 07:55:11 --> Array to string conversion
in APPPATH\Views\contacto\catalogo.php on line 9.
 1 APPPATH\Views\contacto\catalogo.php(9): CodeIgniter\Debug\Exceptions->errorHandler(2, 'Array to string conversion', 'C:\\wamp64\\www\\codeigniter\\app\\Views\\contacto\\catalogo.php', 9)
 2 SYSTEMPATH\View\View.php(224): include('C:\\wamp64\\www\\codeigniter\\app\\Views\\contacto\\catalogo.php')
 3 SYSTEMPATH\View\View.php(227): CodeIgniter\View\View->CodeIgniter\View\{closure}()
 4 SYSTEMPATH\Common.php(1180): CodeIgniter\View\View->render('contacto/catalogo', [], true)
 5 APPPATH\Controllers\CtrlContacto.php(21): view('contacto/catalogo', [...])
 6 SYSTEMPATH\CodeIgniter.php(932): App\Controllers\CtrlContacto->catalogo()
 7 SYSTEMPATH\CodeIgniter.php(497): CodeIgniter\CodeIgniter->runController(Object(App\Controllers\CtrlContacto))
 8 SYSTEMPATH\CodeIgniter.php(366): CodeIgniter\CodeIgniter->handleRequest(null, Object(Config\Cache), false)
 9 FCPATH\index.php(67): CodeIgniter\CodeIgniter->run()
CRITICAL - 2023-07-27 07:55:12 --> Array to string conversion
in APPPATH\Views\contacto\catalogo.php on line 9.
 1 APPPATH\Views\contacto\catalogo.php(9): CodeIgniter\Debug\Exceptions->errorHandler(2, 'Array to string conversion', 'C:\\wamp64\\www\\codeigniter\\app\\Views\\contacto\\catalogo.php', 9)
 2 SYSTEMPATH\View\View.php(224): include('C:\\wamp64\\www\\codeigniter\\app\\Views\\contacto\\catalogo.php')
 3 SYSTEMPATH\View\View.php(227): CodeIgniter\View\View->CodeIgniter\View\{closure}()
 4 SYSTEMPATH\Common.php(1180): CodeIgniter\View\View->render('contacto/catalogo', [], true)
 5 APPPATH\Controllers\CtrlContacto.php(21): view('contacto/catalogo', [...])
 6 SYSTEMPATH\CodeIgniter.php(932): App\Controllers\CtrlContacto->catalogo()
 7 SYSTEMPATH\CodeIgniter.php(497): CodeIgniter\CodeIgniter->runController(Object(App\Controllers\CtrlContacto))
 8 SYSTEMPATH\CodeIgniter.php(366): CodeIgniter\CodeIgniter->handleRequest(null, Object(Config\Cache), false)
 9 FCPATH\index.php(67): CodeIgniter\CodeIgniter->run()
CRITICAL - 2023-07-27 07:59:45 --> Undefined variable $productos
in APPPATH\Views\contacto\catalogo.php on line 11.
 1 APPPATH\Views\contacto\catalogo.php(11): CodeIgniter\Debug\Exceptions->errorHandler(2, 'Undefined variable $productos', 'C:\\wamp64\\www\\codeigniter\\app\\Views\\contacto\\catalogo.php', 11)
 2 SYSTEMPATH\View\View.php(224): include('C:\\wamp64\\www\\codeigniter\\app\\Views\\contacto\\catalogo.php')
 3 SYSTEMPATH\View\View.php(227): CodeIgniter\View\View->CodeIgniter\View\{closure}()
 4 SYSTEMPATH\Common.php(1180): CodeIgniter\View\View->render('contacto/catalogo', [], true)
 5 APPPATH\Controllers\CtrlContacto.php(21): view('contacto/catalogo')
 6 SYSTEMPATH\CodeIgniter.php(932): App\Controllers\CtrlContacto->catalogo()
 7 SYSTEMPATH\CodeIgniter.php(497): CodeIgniter\CodeIgniter->runController(Object(App\Controllers\CtrlContacto))
 8 SYSTEMPATH\CodeIgniter.php(366): CodeIgniter\CodeIgniter->handleRequest(null, Object(Config\Cache), false)
 9 FCPATH\index.php(67): CodeIgniter\CodeIgniter->run()
CRITICAL - 2023-07-27 07:59:46 --> Undefined variable $productos
in APPPATH\Views\contacto\catalogo.php on line 11.
 1 APPPATH\Views\contacto\catalogo.php(11): CodeIgniter\Debug\Exceptions->errorHandler(2, 'Undefined variable $productos', 'C:\\wamp64\\www\\codeigniter\\app\\Views\\contacto\\catalogo.php', 11)
 2 SYSTEMPATH\View\View.php(224): include('C:\\wamp64\\www\\codeigniter\\app\\Views\\contacto\\catalogo.php')
 3 SYSTEMPATH\View\View.php(227): CodeIgniter\View\View->CodeIgniter\View\{closure}()
 4 SYSTEMPATH\Common.php(1180): CodeIgniter\View\View->render('contacto/catalogo', [], true)
 5 APPPATH\Controllers\CtrlContacto.php(21): view('contacto/catalogo')
 6 SYSTEMPATH\CodeIgniter.php(932): App\Controllers\CtrlContacto->catalogo()
 7 SYSTEMPATH\CodeIgniter.php(497): CodeIgniter\CodeIgniter->runController(Object(App\Controllers\CtrlContacto))
 8 SYSTEMPATH\CodeIgniter.php(366): CodeIgniter\CodeIgniter->handleRequest(null, Object(Config\Cache), false)
 9 FCPATH\index.php(67): CodeIgniter\CodeIgniter->run()
